[INFO] len(train_set):  2
[INFO] len(test_set):  2
[INFO] ---- Epoch 0 ----
[INFO] Training Set PSNR: 9.457794537740648;
[INFO] Validation Set PSNR: 15.350852306135023;
[INFO] ---- Epoch 1 ----
[INFO] Training Set PSNR: 13.132763282864751;
[INFO] Validation Set PSNR: 15.619897687945565;
[INFO] ---- Epoch 2 ----
[INFO] Training Set PSNR: 13.404284220623914;
[INFO] Validation Set PSNR: 15.888143048027302;
[INFO] ---- Epoch 3 ----
[INFO] Training Set PSNR: 13.735646107184461;
[INFO] Validation Set PSNR: 16.15340495317377;
[INFO] ---- Epoch 4 ----
[INFO] Training Set PSNR: 14.12815884673797;
[INFO] Validation Set PSNR: 16.45841100931994;
[INFO] ---- Epoch 5 ----
[INFO] Training Set PSNR: 14.603239753034655;
[INFO] Validation Set PSNR: 16.961798812391496;
[INFO] ---- Epoch 6 ----
[INFO] Training Set PSNR: 15.210745324461474;
[INFO] Validation Set PSNR: 17.771862248181407;
[INFO] ---- Epoch 7 ----
[INFO] Training Set PSNR: 16.000546117577382;
[INFO] Validation Set PSNR: 18.985109357734675;
[INFO] ---- Epoch 8 ----
[INFO] Training Set PSNR: 17.027712516074917;
[INFO] Validation Set PSNR: 20.749483002867006;
[INFO] ---- Epoch 9 ----
[INFO] Training Set PSNR: 18.403208642626325;
[INFO] Validation Set PSNR: 23.15279726791715;
[INFO] ---- Epoch 10 ----
[INFO] Training Set PSNR: 20.600477049195145;
[INFO] Validation Set PSNR: 26.526460067672897;
[INFO] ---- Epoch 11 ----
[INFO] Training Set PSNR: 24.658313262285795;
[INFO] Validation Set PSNR: 30.16815937955072;
[INFO] ---- Epoch 12 ----
[INFO] Training Set PSNR: 29.924144493768004;
[INFO] Validation Set PSNR: 27.366626019705933;
[INFO] ---- Epoch 13 ----
[INFO] Training Set PSNR: 27.36419270121065;
[INFO] Validation Set PSNR: 23.581817049587528;
[INFO] ---- Epoch 14 ----
[INFO] Training Set PSNR: 23.581442451860966;
[INFO] Validation Set PSNR: 21.657526832019457;
[INFO] ---- Epoch 15 ----
[INFO] Training Set PSNR: 21.66685910316961;
[INFO] Validation Set PSNR: 20.83686409126477;
[INFO] ---- Epoch 16 ----
[INFO] Training Set PSNR: 20.851120248071418;
[INFO] Validation Set PSNR: 20.73231111055448;
[INFO] ---- Epoch 17 ----
[INFO] Training Set PSNR: 20.74370591930012;
[INFO] Validation Set PSNR: 21.16820684426276;
[INFO] ---- Epoch 18 ----
[INFO] Training Set PSNR: 21.169750893488125;
[INFO] Validation Set PSNR: 22.093481085773895;
[INFO] ---- Epoch 19 ----
[INFO] Training Set PSNR: 22.087704933718186;
[INFO] Validation Set PSNR: 23.56519647025754;
[INFO] ---- Epoch 20 ----
[INFO] Training Set PSNR: 23.555396466028416;
[INFO] Validation Set PSNR: 25.776122971424105;
[INFO] ---- Epoch 21 ----
[INFO] Training Set PSNR: 25.766488545481845;
[INFO] Validation Set PSNR: 28.773143496803357;
[INFO] ---- Epoch 22 ----
[INFO] Training Set PSNR: 28.756022560378387;
[INFO] Validation Set PSNR: 30.786398383134102;
[INFO] ---- Epoch 23 ----
[INFO] Training Set PSNR: 30.527116954128104;
[INFO] Validation Set PSNR: 29.792027214530396;
[INFO] ---- Epoch 24 ----
[INFO] Training Set PSNR: 29.019769333668002;
[INFO] Validation Set PSNR: 27.929116419350745;
[INFO] ---- Epoch 25 ----
[INFO] Training Set PSNR: 26.954224348794686;
[INFO] Validation Set PSNR: 26.883749674489525;
[INFO] ---- Epoch 26 ----
[INFO] Training Set PSNR: 25.798163033646215;
[INFO] Validation Set PSNR: 26.688872011108195;
[INFO] ---- Epoch 27 ----
[INFO] Training Set PSNR: 25.459508898724714;
[INFO] Validation Set PSNR: 27.110018253061998;
[INFO] ---- Epoch 28 ----
[INFO] Training Set PSNR: 25.76920536861836;
[INFO] Validation Set PSNR: 27.96190864211278;
[INFO] ---- Epoch 29 ----
[INFO] Training Set PSNR: 26.673098836246854;
[INFO] Validation Set PSNR: 29.148217560314123;
[INFO] ---- Epoch 30 ----
[INFO] Training Set PSNR: 28.18028224125589;
[INFO] Validation Set PSNR: 30.377540497263595;
[INFO] ---- Epoch 31 ----
[INFO] Training Set PSNR: 29.896797598268186;
[INFO] Validation Set PSNR: 30.75415373169209;
[INFO] ---- Epoch 32 ----
[INFO] Training Set PSNR: 30.604504636974433;
[INFO] Validation Set PSNR: 29.785914783696327;
[INFO] ---- Epoch 33 ----
[INFO] Training Set PSNR: 29.746741817836483;
[INFO] Validation Set PSNR: 28.551818640663985;
[INFO] ---- Epoch 34 ----
[INFO] Training Set PSNR: 28.535537591616;
[INFO] Validation Set PSNR: 27.877718378814844;
[INFO] ---- Epoch 35 ----
[INFO] Training Set PSNR: 27.86954026542164;
[INFO] Validation Set PSNR: 27.83680010058559;
[INFO] ---- Epoch 36 ----
[INFO] Training Set PSNR: 27.827769060267464;
[INFO] Validation Set PSNR: 28.378672638676168;
[INFO] ---- Epoch 37 ----
[INFO] Training Set PSNR: 28.36844970068245;
[INFO] Validation Set PSNR: 29.363394404229354;
[INFO] ---- Epoch 38 ----
[INFO] Training Set PSNR: 29.339545976864667;
[INFO] Validation Set PSNR: 30.39166590326247;
[INFO] ---- Epoch 39 ----
[INFO] Training Set PSNR: 30.299339458538117;
[INFO] Validation Set PSNR: 30.85715422101127;
[INFO] ---- Epoch 40 ----
[INFO] Training Set PSNR: 30.624689509772388;
[INFO] Validation Set PSNR: 30.559996314240756;
[INFO] ---- Epoch 41 ----
[INFO] Training Set PSNR: 30.148109389145453;
[INFO] Validation Set PSNR: 30.124909732341244;
[INFO] ---- Epoch 42 ----
[INFO] Training Set PSNR: 29.518258042522994;
[INFO] Validation Set PSNR: 29.911891087972542;
[INFO] ---- Epoch 43 ----
[INFO] Training Set PSNR: 29.179276752716458;
[INFO] Validation Set PSNR: 29.978713292097794;
[INFO] ---- Epoch 44 ----
[INFO] Training Set PSNR: 29.288832799967896;
[INFO] Validation Set PSNR: 30.28092087530833;
[INFO] ---- Epoch 45 ----
[INFO] Training Set PSNR: 29.743319332235604;
[INFO] Validation Set PSNR: 30.69014796327058;
[INFO] ---- Epoch 46 ----
[INFO] Training Set PSNR: 30.315356173926883;
[INFO] Validation Set PSNR: 30.863308341498588;
[INFO] ---- Epoch 47 ----
[INFO] Training Set PSNR: 30.62772096958684;
[INFO] Validation Set PSNR: 30.61227782496636;
[INFO] ---- Epoch 48 ----
[INFO] Training Set PSNR: 30.49206629359619;
[INFO] Validation Set PSNR: 30.192717166628146;
[INFO] ---- Epoch 49 ----
[INFO] Training Set PSNR: 30.13194313484286;
[INFO] Validation Set PSNR: 29.923541548282024;
[INFO] ---- Epoch 50 ----
[INFO] Training Set PSNR: 29.87532145663379;
[INFO] Validation Set PSNR: 29.94104774060667;
[INFO] ---- Epoch 51 ----
[INFO] Training Set PSNR: 29.88907323637259;
[INFO] Validation Set PSNR: 30.20236572024825;
[INFO] ---- Epoch 52 ----
[INFO] Training Set PSNR: 30.139458315614466;
[INFO] Validation Set PSNR: 30.563163165224722;
[INFO] ---- Epoch 53 ----
[INFO] Training Set PSNR: 30.456265186010267;
[INFO] Validation Set PSNR: 30.808302927652313;
[INFO] ---- Epoch 54 ----
[INFO] Training Set PSNR: 30.629179698298472;
[INFO] Validation Set PSNR: 30.853606334674755;
[INFO] ---- Epoch 55 ----
[INFO] Training Set PSNR: 30.565040680183195;
[INFO] Validation Set PSNR: 30.7583365849983;
[INFO] ---- Epoch 56 ----
[INFO] Training Set PSNR: 30.382540243094628;
[INFO] Validation Set PSNR: 30.65618266489841;
[INFO] ---- Epoch 57 ----
[INFO] Training Set PSNR: 30.258160042537497;
[INFO] Validation Set PSNR: 30.674141063049674;
[INFO] ---- Epoch 58 ----
[INFO] Training Set PSNR: 30.281048695663934;
[INFO] Validation Set PSNR: 30.784518760982852;
[INFO] ---- Epoch 59 ----
[INFO] Training Set PSNR: 30.429007194910977;
[INFO] Validation Set PSNR: 30.858312464215576;
[INFO] ---- Epoch 60 ----
[INFO] Training Set PSNR: 30.581742722547204;
[INFO] Validation Set PSNR: 30.822641423619;
[INFO] ---- Epoch 61 ----
[INFO] Training Set PSNR: 30.630066369780995;
[INFO] Validation Set PSNR: 30.70525595277984;
[INFO] ---- Epoch 62 ----
[INFO] Training Set PSNR: 30.57022328673021;
[INFO] Validation Set PSNR: 30.57756890581362;
[INFO] ---- Epoch 63 ----
[INFO] Training Set PSNR: 30.465527289047245;
[INFO] Validation Set PSNR: 30.52336849225109;
[INFO] ---- Epoch 64 ----
[INFO] Training Set PSNR: 30.422021731404765;
[INFO] Validation Set PSNR: 30.573788026586666;
[INFO] ---- Epoch 65 ----
[INFO] Training Set PSNR: 30.46719222512097;
[INFO] Validation Set PSNR: 30.695431010931486;
[INFO] ---- Epoch 66 ----
[INFO] Training Set PSNR: 30.561100319400282;
[INFO] Validation Set PSNR: 30.810082091926066;
[INFO] ---- Epoch 67 ----
[INFO] Training Set PSNR: 30.62534044217506;
[INFO] Validation Set PSNR: 30.853887290851315;
[INFO] ---- Epoch 68 ----
[INFO] Training Set PSNR: 30.6270347472925;
[INFO] Validation Set PSNR: 30.844798887156728;
[INFO] ---- Epoch 69 ----
[INFO] Training Set PSNR: 30.576341965939797;
[INFO] Validation Set PSNR: 30.844187259688404;
[INFO] ---- Epoch 70 ----
[INFO] Training Set PSNR: 30.53761905901053;
[INFO] Validation Set PSNR: 30.838731795887036;
[INFO] ---- Epoch 71 ----
[INFO] Training Set PSNR: 30.540052472755754;
[INFO] Validation Set PSNR: 30.843443304528687;
[INFO] ---- Epoch 72 ----
[INFO] Training Set PSNR: 30.585010252821913;
[INFO] Validation Set PSNR: 30.859745748652927;
[INFO] ---- Epoch 73 ----
[INFO] Training Set PSNR: 30.623637843879745;
[INFO] Validation Set PSNR: 30.831699885417123;
[INFO] ---- Epoch 74 ----
[INFO] Training Set PSNR: 30.634312132326475;
[INFO] Validation Set PSNR: 30.76951515230745;
[INFO] ---- Epoch 75 ----
[INFO] Training Set PSNR: 30.607966575438017;
[INFO] Validation Set PSNR: 30.726371057794793;
[INFO] ---- Epoch 76 ----
[INFO] Training Set PSNR: 30.58347811689832;
[INFO] Validation Set PSNR: 30.71994555255805;
[INFO] ---- Epoch 77 ----
[INFO] Training Set PSNR: 30.57457697513167;
[INFO] Validation Set PSNR: 30.751158265697175;
[INFO] ---- Epoch 78 ----
[INFO] Training Set PSNR: 30.59879061910284;
[INFO] Validation Set PSNR: 30.7944674735404;
[INFO] ---- Epoch 79 ----
[INFO] Training Set PSNR: 30.624546692856292;
[INFO] Validation Set PSNR: 30.839153944086203;
[INFO] ---- Epoch 80 ----
[INFO] Training Set PSNR: 30.63912030223999;
[INFO] Validation Set PSNR: 30.859255928430752;
[INFO] ---- Epoch 81 ----
[INFO] Training Set PSNR: 30.631518889821233;
[INFO] Validation Set PSNR: 30.857641003166034;
[INFO] ---- Epoch 82 ----
[INFO] Training Set PSNR: 30.61094367997881;
[INFO] Validation Set PSNR: 30.858384804194763;
[INFO] ---- Epoch 83 ----
[INFO] Training Set PSNR: 30.609967733867894;
[INFO] Validation Set PSNR: 30.857938921650007;
[INFO] ---- Epoch 84 ----
[INFO] Training Set PSNR: 30.61612944676865;
[INFO] Validation Set PSNR: 30.85285050537013;
[INFO] ---- Epoch 85 ----
[INFO] Training Set PSNR: 30.63172057185022;
[INFO] Validation Set PSNR: 30.83474613687998;
[INFO] ---- Epoch 86 ----
[INFO] Training Set PSNR: 30.634429871602133;
[INFO] Validation Set PSNR: 30.814404864924192;
[INFO] ---- Epoch 87 ----
[INFO] Training Set PSNR: 30.633498807466047;
[INFO] Validation Set PSNR: 30.79078335972304;
[INFO] ---- Epoch 88 ----
[INFO] Training Set PSNR: 30.62471896508136;
[INFO] Validation Set PSNR: 30.778934429126853;
[INFO] ---- Epoch 89 ----
[INFO] Training Set PSNR: 30.62002389791802;
[INFO] Validation Set PSNR: 30.79534900690264;
[INFO] ---- Epoch 90 ----
[INFO] Training Set PSNR: 30.623108378448983;
[INFO] Validation Set PSNR: 30.81543184790358;
[INFO] ---- Epoch 91 ----
[INFO] Training Set PSNR: 30.63215128502954;
[INFO] Validation Set PSNR: 30.835339768706245;
[INFO] ---- Epoch 92 ----
[INFO] Training Set PSNR: 30.63536963474138;
[INFO] Validation Set PSNR: 30.848909183852594;
[INFO] ---- Epoch 93 ----
[INFO] Training Set PSNR: 30.635753632560867;
[INFO] Validation Set PSNR: 30.85581264518317;
[INFO] ---- Epoch 94 ----
[INFO] Training Set PSNR: 30.628135661614344;
[INFO] Validation Set PSNR: 30.85019226722986;
[INFO] ---- Epoch 95 ----
[INFO] Training Set PSNR: 30.628259843623646;
[INFO] Validation Set PSNR: 30.853080552261154;
[INFO] ---- Epoch 96 ----
[INFO] Training Set PSNR: 30.63214026166918;
[INFO] Validation Set PSNR: 30.850977668121832;
[INFO] ---- Epoch 97 ----
[INFO] Training Set PSNR: 30.636751113241292;
[INFO] Validation Set PSNR: 30.829171449870184;
[INFO] ---- Epoch 98 ----
[INFO] Training Set PSNR: 30.63761059743409;
[INFO] Validation Set PSNR: 30.821307869950523;
[INFO] ---- Epoch 99 ----
[INFO] Training Set PSNR: 30.632806412076288;
[INFO] Validation Set PSNR: 30.81615113449144;
